<?xml version="1.0" encoding="UTF-8"?>
<testng-results ignored="0" total="1" passed="1" failed="0" skipped="0">
  <reporter-output>
  </reporter-output>
  <suite started-at="2022-04-19T02:52:03Z" name="Default suite" finished-at="2022-04-19T02:52:14Z" duration-ms="10382">
    <groups>
    </groups>
    <test started-at="2022-04-19T02:52:03Z" name="Default test" finished-at="2022-04-19T02:52:14Z" duration-ms="10382">
      <class name="com.inetbanking.testCases.TC_FundTransfer">
        <test-method is-config="true" signature="setup()[pri:0, instance:com.inetbanking.testCases.TC_FundTransfer@7fbdb894]" started-at="2022-04-19T02:52:03Z" name="setup" finished-at="2022-04-19T02:52:11Z" duration-ms="7930" status="PASS">
          <reporter-output>
          </reporter-output>
        </test-method> <!-- setup -->
        <test-method signature="fundTransfer()[pri:0, instance:com.inetbanking.testCases.TC_FundTransfer@7fbdb894]" started-at="2022-04-19T02:52:11Z" name="fundTransfer" finished-at="2022-04-19T02:52:14Z" duration-ms="2230" status="PASS">
          <reporter-output>
          </reporter-output>
        </test-method> <!-- fundTransfer -->
        <test-method is-config="true" signature="tearDown()[pri:0, instance:com.inetbanking.testCases.TC_FundTransfer@7fbdb894]" started-at="2022-04-19T02:52:14Z" name="tearDown" finished-at="2022-04-19T02:52:14Z" duration-ms="193" status="PASS">
          <reporter-output>
          </reporter-output>
        </test-method> <!-- tearDown -->
      </class> <!-- com.inetbanking.testCases.TC_FundTransfer -->
    </test> <!-- Default test -->
  </suite> <!-- Default suite -->
</testng-results>
